\BOOKMARK [1][-]{section*.2}{List of Figures}{}% 1
\BOOKMARK [1][-]{section*.3}{List of Tables}{}% 2
\BOOKMARK [1][-]{section.1}{Introduction}{}% 3
\BOOKMARK [1][-]{section.2}{Offshoring in literature}{}% 4
\BOOKMARK [2][-]{subsection.2.1}{Definition and Terms}{section.2}% 5
\BOOKMARK [2][-]{subsection.2.2}{Factors for the Development of Offshoring}{section.2}% 6
\BOOKMARK [2][-]{subsection.2.3}{Offshoring in the USA}{section.2}% 7
\BOOKMARK [3][-]{subsubsection.2.3.1}{Prevalence}{subsection.2.3}% 8
\BOOKMARK [3][-]{subsubsection.2.3.2}{Offshoring functions}{subsection.2.3}% 9
\BOOKMARK [2][-]{subsection.2.4}{Offshoring in Germany}{section.2}% 10
\BOOKMARK [3][-]{subsubsection.2.4.1}{Prevalence}{subsection.2.4}% 11
\BOOKMARK [3][-]{subsubsection.2.4.2}{Offshored functions}{subsection.2.4}% 12
\BOOKMARK [2][-]{subsection.2.5}{Significant differences between Germany and the USA}{section.2}% 13
\BOOKMARK [3][-]{subsubsection.2.5.1}{Difference 1}{subsection.2.5}% 14
\BOOKMARK [3][-]{subsubsection.2.5.2}{Difference 2}{subsection.2.5}% 15
\BOOKMARK [1][-]{section.3}{Case Studies}{}% 16
\BOOKMARK [2][-]{subsection.3.1}{Interview Technique}{section.3}% 17
\BOOKMARK [2][-]{subsection.3.2}{Case Study Title 1}{section.3}% 18
\BOOKMARK [3][-]{subsubsection.3.2.1}{Background}{subsection.3.2}% 19
\BOOKMARK [3][-]{subsubsection.3.2.2}{Results of Interview}{subsection.3.2}% 20
\BOOKMARK [3][-]{subsubsection.3.2.3}{Conclusions}{subsection.3.2}% 21
\BOOKMARK [2][-]{subsection.3.3}{Case study Title 2}{section.3}% 22
\BOOKMARK [3][-]{subsubsection.3.3.1}{Background}{subsection.3.3}% 23
\BOOKMARK [3][-]{subsubsection.3.3.2}{Results of Interview}{subsection.3.3}% 24
\BOOKMARK [3][-]{subsubsection.3.3.3}{Conclusions}{subsection.3.3}% 25
\BOOKMARK [2][-]{subsection.3.4}{Summary and Evaluation}{section.3}% 26
\BOOKMARK [1][-]{section.4}{Conclusions and Limitations}{}% 27
\BOOKMARK [1][-]{section.4}{References}{}% 28
\BOOKMARK [1][-]{section*.16}{Appendix}{}% 29
